2024-01-19 11:54:35,610 - tensorflow- WARNING - From /home/yunli/anaconda3/envs/DRL-Rotation/lib/python3.6/site-packages/tensorflow/python/keras/_impl/keras/backend.py:1456: calling reduce_sum (from tensorflow.python.ops.math_ops) with keep_dims is deprecated and will be removed in a future version.
Instructions for updating:
keep_dims is deprecated, use keepdims instead
2024-01-19 11:54:38,446 - root- INFO - Starting worker 0
2024-01-19 11:54:39,046 - root- INFO - Starting worker 1
2024-01-19 11:54:39,570 - root- INFO - Starting worker 2
2024-01-19 11:54:40,185 - root- INFO - Starting worker 3
2024-01-19 11:54:40,808 - root- INFO - Starting worker 4
2024-01-19 11:54:41,514 - root- INFO - Starting worker 5
2024-01-19 11:54:42,056 - root- INFO - Starting worker 6
2024-01-19 11:54:42,527 - root- INFO - Starting worker 7
2024-01-19 11:55:04,981 - root- DEBUG - 1 patients treated. Total treatments: 37 x 7 = 259. Total score: 4.050000
2024-01-19 11:55:05,299 - root- DEBUG - 2 patients treated. Total treatments: 35 x 7 = 245. Total score: 3.750000
2024-01-19 11:55:11,569 - root- DEBUG - 3 patients treated. Total treatments: 41 x 7 = 287. Total score: 4.450000
2024-01-19 11:55:21,441 - root- DEBUG - 4 patients treated. Total treatments: 58 x 7 = 406. Total score: 6.450000
2024-01-19 11:55:21,926 - root- DEBUG - 5 patients treated. Total treatments: 59 x 7 = 413. Total score: 6.450000
2024-01-19 11:55:25,299 - root- DEBUG - 6 patients treated. Total treatments: 64 x 7 = 448. Total score: 7.100000
2024-01-19 11:55:30,633 - root- DEBUG - 7 patients treated. Total treatments: 70 x 7 = 490. Total score: 7.900000
2024-01-19 11:55:35,317 - root- DEBUG - 8 patients treated. Total treatments: 46 x 7 = 322. Total score: 5.250000
2024-01-19 11:55:40,403 - root- DEBUG - 9 patients treated. Total treatments: 21 x 7 = 147. Total score: 2.200000
2024-01-19 11:55:43,258 - root- DEBUG - 10 patients treated. Total treatments: 95 x 7 = 665. Total score: 10.900000
2024-01-19 11:55:45,141 - root- DEBUG - 11 patients treated. Total treatments: 56 x 7 = 392. Total score: 6.050000
2024-01-19 11:55:48,199 - root- DEBUG - 12 patients treated. Total treatments: 20 x 7 = 140. Total score: 2.050000
2024-01-19 11:55:54,270 - root- DEBUG - 13 patients treated. Total treatments: 17 x 7 = 119. Total score: 1.700000
2024-01-19 11:55:55,746 - root- DEBUG - 14 patients treated. Total treatments: 61 x 7 = 427. Total score: 6.650000
2024-01-19 11:56:03,174 - root- DEBUG - 15 patients treated. Total treatments: 58 x 7 = 406. Total score: 6.300000
2024-01-19 11:56:04,303 - root- DEBUG - 16 patients treated. Total treatments: 63 x 7 = 441. Total score: 6.850000
2024-01-19 11:56:07,576 - root- DEBUG - 17 patients treated. Total treatments: 55 x 7 = 385. Total score: 6.250000
2024-01-19 11:56:09,713 - root- DEBUG - 18 patients treated. Total treatments: 45 x 7 = 315. Total score: 4.950000
2024-01-19 11:56:17,537 - root- DEBUG - 19 patients treated. Total treatments: 45 x 7 = 315. Total score: 4.950000
2024-01-19 11:56:19,070 - root- DEBUG - 20 patients treated. Total treatments: 33 x 7 = 231. Total score: 3.500000
2024-01-19 11:56:23,656 - root- DEBUG - 21 patients treated. Total treatments: 43 x 7 = 301. Total score: 4.750000
2024-01-19 11:56:29,257 - root- DEBUG - 22 patients treated. Total treatments: 64 x 7 = 448. Total score: 7.100000
2024-01-19 11:56:30,961 - root- DEBUG - 23 patients treated. Total treatments: 36 x 7 = 252. Total score: 3.700000
2024-01-19 11:56:39,751 - root- DEBUG - 24 patients treated. Total treatments: 30 x 7 = 210. Total score: 3.150000
2024-01-19 11:56:44,550 - root- DEBUG - 26 patients treated. Total treatments: 59 x 7 = 413. Total score: 6.500000
2024-01-19 11:56:44,550 - root- DEBUG - 26 patients treated. Total treatments: 61 x 7 = 427. Total score: 6.900000
2024-01-19 11:56:46,894 - root- DEBUG - 27 patients treated. Total treatments: 23 x 7 = 161. Total score: 2.400000
2024-01-19 11:56:48,536 - root- DEBUG - 28 patients treated. Total treatments: 37 x 7 = 259. Total score: 3.950000
2024-01-19 11:56:52,721 - root- DEBUG - 29 patients treated. Total treatments: 34 x 7 = 238. Total score: 3.750000
2024-01-19 11:56:55,338 - root- DEBUG - 30 patients treated. Total treatments: 67 x 7 = 469. Total score: 7.650000
2024-01-19 11:57:00,430 - root- DEBUG - 31 patients treated. Total treatments: 20 x 7 = 140. Total score: 2.000000
2024-01-19 11:57:03,473 - root- DEBUG - 32 patients treated. Total treatments: 35 x 7 = 245. Total score: 3.800000
2024-01-19 11:57:06,535 - root- DEBUG - 33 patients treated. Total treatments: 30 x 7 = 210. Total score: 3.200000
2024-01-19 11:57:09,219 - root- DEBUG - 34 patients treated. Total treatments: 33 x 7 = 231. Total score: 3.550000
2024-01-19 11:57:11,273 - root- DEBUG - 35 patients treated. Total treatments: 79 x 7 = 553. Total score: 8.800000
2024-01-19 11:57:18,718 - root- DEBUG - 36 patients treated. Total treatments: 33 x 7 = 231. Total score: 3.600000
2024-01-19 11:57:19,937 - root- DEBUG - 37 patients treated. Total treatments: 26 x 7 = 182. Total score: 2.750000
2024-01-19 11:57:22,474 - root- DEBUG - 38 patients treated. Total treatments: 33 x 7 = 231. Total score: 3.600000
2024-01-19 11:57:24,496 - root- DEBUG - 39 patients treated. Total treatments: 27 x 7 = 189. Total score: 2.800000
2024-01-19 11:57:26,486 - root- DEBUG - 40 patients treated. Total treatments: 46 x 7 = 322. Total score: 5.000000
2024-01-19 11:57:33,495 - root- DEBUG - 41 patients treated. Total treatments: 68 x 7 = 476. Total score: 7.850000
2024-01-19 11:57:36,169 - root- DEBUG - 42 patients treated. Total treatments: 23 x 7 = 161. Total score: 2.350000
2024-01-19 11:57:41,237 - root- DEBUG - 43 patients treated. Total treatments: 45 x 7 = 315. Total score: 5.050000
2024-01-19 11:57:41,937 - root- DEBUG - 44 patients treated. Total treatments: 25 x 7 = 175. Total score: 2.650000
2024-01-19 11:57:49,777 - root- DEBUG - 45 patients treated. Total treatments: 40 x 7 = 280. Total score: 4.150000
2024-01-19 11:57:49,926 - root- DEBUG - 46 patients treated. Total treatments: 60 x 7 = 420. Total score: 6.700000
2024-01-19 11:57:58,645 - root- DEBUG - 47 patients treated. Total treatments: 59 x 7 = 413. Total score: 6.600000
2024-01-19 11:58:01,115 - root- DEBUG - 48 patients treated. Total treatments: 29 x 7 = 203. Total score: 3.000000
2024-01-19 11:58:02,696 - root- DEBUG - 49 patients treated. Total treatments: 42 x 7 = 294. Total score: 4.700000
2024-01-19 11:58:15,752 - root- DEBUG - 50 patients treated. Total treatments: 70 x 7 = 490. Total score: 8.150000
2024-01-19 11:58:16,117 - root- DEBUG - 51 patients treated. Total treatments: 21 x 7 = 147. Total score: 2.100000
2024-01-19 11:58:16,284 - root- DEBUG - 52 patients treated. Total treatments: 48 x 7 = 336. Total score: 5.550000
2024-01-19 11:58:20,457 - root- DEBUG - 53 patients treated. Total treatments: 47 x 7 = 329. Total score: 5.050000
2024-01-19 11:58:25,854 - root- DEBUG - 54 patients treated. Total treatments: 40 x 7 = 280. Total score: 4.450000
2024-01-19 11:58:28,147 - root- DEBUG - 55 patients treated. Total treatments: 78 x 7 = 546. Total score: 8.850000
2024-01-19 11:58:28,371 - root- DEBUG - 56 patients treated. Total treatments: 54 x 7 = 378. Total score: 5.950000
2024-01-19 11:58:38,231 - root- DEBUG - 57 patients treated. Total treatments: 26 x 7 = 182. Total score: 2.750000
2024-01-19 11:58:43,300 - root- DEBUG - 58 patients treated. Total treatments: 60 x 7 = 420. Total score: 6.700000
2024-01-19 11:58:46,914 - root- DEBUG - 59 patients treated. Total treatments: 44 x 7 = 308. Total score: 5.100000
2024-01-19 11:58:50,300 - root- DEBUG - 60 patients treated. Total treatments: 51 x 7 = 357. Total score: 5.800000
2024-01-19 11:58:51,819 - root- DEBUG - 61 patients treated. Total treatments: 36 x 7 = 252. Total score: 3.950000
2024-01-19 11:58:55,778 - root- DEBUG - 62 patients treated. Total treatments: 41 x 7 = 287. Total score: 4.500000
2024-01-19 11:58:57,531 - root- DEBUG - 63 patients treated. Total treatments: 47 x 7 = 329. Total score: 5.250000
2024-01-19 11:59:01,252 - root- DEBUG - 64 patients treated. Total treatments: 32 x 7 = 224. Total score: 3.450000
2024-01-19 11:59:08,576 - root- DEBUG - 65 patients treated. Total treatments: 74 x 7 = 518. Total score: 8.200000
2024-01-19 11:59:10,955 - root- DEBUG - 66 patients treated. Total treatments: 31 x 7 = 217. Total score: 3.400000
2024-01-19 11:59:15,257 - root- DEBUG - 67 patients treated. Total treatments: 40 x 7 = 280. Total score: 4.350000
2024-01-19 11:59:17,926 - root- DEBUG - 68 patients treated. Total treatments: 25 x 7 = 175. Total score: 2.600000
2024-01-19 11:59:19,600 - root- DEBUG - 69 patients treated. Total treatments: 56 x 7 = 392. Total score: 6.350000
2024-01-19 11:59:23,159 - root- DEBUG - 70 patients treated. Total treatments: 44 x 7 = 308. Total score: 4.950000
2024-01-19 11:59:29,083 - root- DEBUG - 71 patients treated. Total treatments: 28 x 7 = 196. Total score: 3.050000
2024-01-19 11:59:29,156 - root- DEBUG - 72 patients treated. Total treatments: 19 x 7 = 133. Total score: 1.950000
2024-01-19 11:59:29,332 - root- DEBUG - 73 patients treated. Total treatments: 28 x 7 = 196. Total score: 2.950000
2024-01-19 11:59:38,864 - root- DEBUG - 74 patients treated. Total treatments: 61 x 7 = 427. Total score: 6.550000
2024-01-19 11:59:39,744 - root- DEBUG - 75 patients treated. Total treatments: 24 x 7 = 168. Total score: 2.550000
2024-01-19 11:59:40,565 - root- DEBUG - 76 patients treated. Total treatments: 35 x 7 = 245. Total score: 3.750000
2024-01-19 11:59:43,910 - root- DEBUG - 77 patients treated. Total treatments: 23 x 7 = 161. Total score: 2.350000
2024-01-19 11:59:47,792 - root- DEBUG - 78 patients treated. Total treatments: 39 x 7 = 273. Total score: 4.300000
2024-01-19 11:59:55,180 - root- DEBUG - 79 patients treated. Total treatments: 85 x 7 = 595. Total score: 9.900000
2024-01-19 12:00:03,574 - root- DEBUG - 80 patients treated. Total treatments: 49 x 7 = 343. Total score: 5.300000
2024-01-19 12:00:07,643 - root- DEBUG - 81 patients treated. Total treatments: 39 x 7 = 273. Total score: 4.150000
2024-01-19 12:00:12,561 - root- DEBUG - 82 patients treated. Total treatments: 46 x 7 = 322. Total score: 5.100000
2024-01-19 12:00:21,776 - root- DEBUG - 83 patients treated. Total treatments: 76 x 7 = 532. Total score: 8.450000
2024-01-19 12:00:22,427 - root- DEBUG - 84 patients treated. Total treatments: 27 x 7 = 189. Total score: 2.950000
2024-01-19 12:00:23,389 - root- DEBUG - 85 patients treated. Total treatments: 64 x 7 = 448. Total score: 7.050000
2024-01-19 12:00:24,632 - root- DEBUG - 86 patients treated. Total treatments: 42 x 7 = 294. Total score: 4.800000
2024-01-19 12:00:28,162 - root- DEBUG - 87 patients treated. Total treatments: 26 x 7 = 182. Total score: 2.800000
2024-01-19 12:00:29,937 - root- DEBUG - 88 patients treated. Total treatments: 64 x 7 = 448. Total score: 6.950000
2024-01-19 12:00:30,716 - root- DEBUG - 89 patients treated. Total treatments: 69 x 7 = 483. Total score: 7.650000
2024-01-19 12:00:43,467 - root- DEBUG - 90 patients treated. Total treatments: 31 x 7 = 217. Total score: 3.200000
2024-01-19 12:00:43,705 - root- DEBUG - 91 patients treated. Total treatments: 46 x 7 = 322. Total score: 5.050000
2024-01-19 12:00:57,007 - root- DEBUG - 92 patients treated. Total treatments: 38 x 7 = 266. Total score: 4.200000
2024-01-19 12:00:58,317 - root- DEBUG - 93 patients treated. Total treatments: 41 x 7 = 287. Total score: 4.450000
2024-01-19 12:00:58,434 - root- DEBUG - 94 patients treated. Total treatments: 48 x 7 = 336. Total score: 5.150000
2024-01-19 12:00:58,675 - root- DEBUG - 95 patients treated. Total treatments: 46 x 7 = 322. Total score: 5.150000
2024-01-19 12:01:04,501 - root- DEBUG - 96 patients treated. Total treatments: 31 x 7 = 217. Total score: 3.300000
2024-01-19 12:01:06,316 - root- DEBUG - 97 patients treated. Total treatments: 65 x 7 = 455. Total score: 7.300000
2024-01-19 12:01:15,593 - root- DEBUG - 98 patients treated. Total treatments: 25 x 7 = 175. Total score: 2.700000
2024-01-19 12:01:17,690 - root- DEBUG - 99 patients treated. Total treatments: 18 x 7 = 126. Total score: 1.800000
2024-01-19 12:01:20,572 - root- DEBUG - 100 patients treated. Total treatments: 32 x 7 = 224. Total score: 3.500000
2024-01-19 12:01:20,871 - root- DEBUG - 100 patients treated. Most recent TTP: 224
2024-01-19 12:01:20,959 - tensorflow- INFO - ../models/spatial_p125_weekly_increased_n0/100_patients_spatial_p125_weekly_increased_n0/a3c_chemo_core.cpkt is not in all_model_checkpoint_paths. Manually adding it.
2024-01-19 12:01:22,605 - root- DEBUG - 101 patients treated. Total treatments: 32 x 7 = 224. Total score: 3.300000
2024-01-19 12:01:27,176 - root- DEBUG - 102 patients treated. Total treatments: 95 x 7 = 665. Total score: 10.900000
2024-01-19 12:01:30,306 - root- DEBUG - 103 patients treated. Total treatments: 68 x 7 = 476. Total score: 7.450000
2024-01-19 12:01:37,497 - root- DEBUG - 104 patients treated. Total treatments: 20 x 7 = 140. Total score: 2.000000
2024-01-19 12:01:41,036 - root- DEBUG - 105 patients treated. Total treatments: 37 x 7 = 259. Total score: 4.050000
2024-01-19 12:01:42,191 - root- DEBUG - 106 patients treated. Total treatments: 50 x 7 = 350. Total score: 5.300000
2024-01-19 12:01:51,122 - root- DEBUG - 107 patients treated. Total treatments: 40 x 7 = 280. Total score: 4.350000
2024-01-19 12:01:51,329 - root- DEBUG - 108 patients treated. Total treatments: 80 x 7 = 560. Total score: 8.750000
2024-01-19 12:01:55,581 - root- DEBUG - 109 patients treated. Total treatments: 22 x 7 = 154. Total score: 2.250000
2024-01-19 12:01:56,230 - root- DEBUG - 110 patients treated. Total treatments: 57 x 7 = 399. Total score: 6.400000
2024-01-19 12:02:04,864 - root- DEBUG - 111 patients treated. Total treatments: 35 x 7 = 245. Total score: 3.750000
2024-01-19 12:02:07,849 - root- DEBUG - 112 patients treated. Total treatments: 46 x 7 = 322. Total score: 5.100000
2024-01-19 12:02:11,730 - root- DEBUG - 113 patients treated. Total treatments: 26 x 7 = 182. Total score: 2.650000
2024-01-19 12:02:19,483 - root- DEBUG - 114 patients treated. Total treatments: 72 x 7 = 504. Total score: 8.450000
2024-01-19 12:02:19,569 - root- DEBUG - 115 patients treated. Total treatments: 72 x 7 = 504. Total score: 8.250000
2024-01-19 12:02:27,840 - root- DEBUG - 116 patients treated. Total treatments: 23 x 7 = 161. Total score: 2.350000
2024-01-19 12:02:29,885 - root- DEBUG - 117 patients treated. Total treatments: 52 x 7 = 364. Total score: 6.100000
2024-01-19 12:02:29,965 - root- DEBUG - 118 patients treated. Total treatments: 50 x 7 = 350. Total score: 5.500000
2024-01-19 12:02:30,745 - root- DEBUG - 119 patients treated. Total treatments: 54 x 7 = 378. Total score: 5.800000
2024-01-19 12:02:32,942 - root- DEBUG - 120 patients treated. Total treatments: 20 x 7 = 140. Total score: 2.150000
2024-01-19 12:02:38,574 - root- DEBUG - 121 patients treated. Total treatments: 49 x 7 = 343. Total score: 5.400000
2024-01-19 12:02:41,139 - root- DEBUG - 122 patients treated. Total treatments: 53 x 7 = 371. Total score: 5.850000
2024-01-19 12:02:42,298 - root- DEBUG - 123 patients treated. Total treatments: 18 x 7 = 126. Total score: 1.800000
2024-01-19 12:02:46,234 - root- DEBUG - 124 patients treated. Total treatments: 39 x 7 = 273. Total score: 4.200000
2024-01-19 12:02:54,676 - root- DEBUG - 125 patients treated. Total treatments: 40 x 7 = 280. Total score: 4.100000
2024-01-19 12:02:57,544 - root- DEBUG - 126 patients treated. Total treatments: 40 x 7 = 280. Total score: 4.400000
2024-01-19 12:02:58,173 - root- DEBUG - 127 patients treated. Total treatments: 42 x 7 = 294. Total score: 4.550000
2024-01-19 12:03:04,652 - root- DEBUG - 128 patients treated. Total treatments: 35 x 7 = 245. Total score: 3.850000
2024-01-19 12:03:06,555 - root- DEBUG - 129 patients treated. Total treatments: 41 x 7 = 287. Total score: 4.300000
2024-01-19 12:03:09,931 - root- DEBUG - 130 patients treated. Total treatments: 35 x 7 = 245. Total score: 3.750000
2024-01-19 12:03:20,078 - root- DEBUG - 131 patients treated. Total treatments: 69 x 7 = 483. Total score: 7.700000
2024-01-19 12:03:21,358 - root- DEBUG - 132 patients treated. Total treatments: 36 x 7 = 252. Total score: 4.000000
2024-01-19 12:03:22,214 - root- DEBUG - 133 patients treated. Total treatments: 59 x 7 = 413. Total score: 6.450000
2024-01-19 12:03:29,282 - root- DEBUG - 134 patients treated. Total treatments: 43 x 7 = 301. Total score: 4.750000
2024-01-19 12:03:30,015 - root- DEBUG - 135 patients treated. Total treatments: 33 x 7 = 231. Total score: 3.650000
2024-01-19 12:03:37,602 - root- DEBUG - 136 patients treated. Total treatments: 40 x 7 = 280. Total score: 4.350000
2024-01-19 12:03:43,356 - root- DEBUG - 137 patients treated. Total treatments: 69 x 7 = 483. Total score: 7.650000
2024-01-19 12:03:44,175 - root- DEBUG - 138 patients treated. Total treatments: 20 x 7 = 140. Total score: 2.000000
2024-01-19 12:03:44,778 - root- DEBUG - 139 patients treated. Total treatments: 34 x 7 = 238. Total score: 3.600000
2024-01-19 12:03:47,105 - root- DEBUG - 140 patients treated. Total treatments: 36 x 7 = 252. Total score: 3.950000
2024-01-19 12:03:52,658 - root- DEBUG - 141 patients treated. Total treatments: 48 x 7 = 336. Total score: 5.350000
2024-01-19 12:03:54,292 - root- DEBUG - 142 patients treated. Total treatments: 76 x 7 = 532. Total score: 8.600000
2024-01-19 12:03:54,799 - root- DEBUG - 143 patients treated. Total treatments: 26 x 7 = 182. Total score: 2.700000
2024-01-19 12:03:55,557 - root- DEBUG - 144 patients treated. Total treatments: 19 x 7 = 133. Total score: 1.950000
2024-01-19 12:04:01,110 - root- DEBUG - 145 patients treated. Total treatments: 44 x 7 = 308. Total score: 5.050000
2024-01-19 12:04:07,918 - root- DEBUG - 146 patients treated. Total treatments: 20 x 7 = 140. Total score: 2.050000
2024-01-19 12:04:08,095 - root- DEBUG - 147 patients treated. Total treatments: 31 x 7 = 217. Total score: 3.350000
2024-01-19 12:04:10,090 - root- DEBUG - 148 patients treated. Total treatments: 37 x 7 = 259. Total score: 4.000000
2024-01-19 12:04:11,085 - root- DEBUG - 149 patients treated. Total treatments: 23 x 7 = 161. Total score: 2.450000
2024-01-19 12:04:11,919 - root- DEBUG - 150 patients treated. Total treatments: 43 x 7 = 301. Total score: 4.550000
2024-01-19 12:04:12,560 - root- DEBUG - 150 patients treated. Most recent TTP: 301
2024-01-19 12:04:12,573 - tensorflow- INFO - ../models/spatial_p125_weekly_increased_n0/150_patients_spatial_p125_weekly_increased_n0/a3c_chemo_core.cpkt is not in all_model_checkpoint_paths. Manually adding it.
2024-01-19 12:04:21,053 - root- DEBUG - 151 patients treated. Total treatments: 19 x 7 = 133. Total score: 1.950000
2024-01-19 12:04:22,550 - root- DEBUG - 152 patients treated. Total treatments: 41 x 7 = 287. Total score: 4.300000
2024-01-19 12:04:35,246 - root- DEBUG - 153 patients treated. Total treatments: 22 x 7 = 154. Total score: 2.250000
2024-01-19 12:04:36,479 - root- DEBUG - 154 patients treated. Total treatments: 41 x 7 = 287. Total score: 4.450000
2024-01-19 12:04:37,213 - root- DEBUG - 155 patients treated. Total treatments: 64 x 7 = 448. Total score: 7.050000
2024-01-19 12:04:38,020 - root- DEBUG - 156 patients treated. Total treatments: 38 x 7 = 266. Total score: 4.000000
2024-01-19 12:04:45,873 - root- DEBUG - 157 patients treated. Total treatments: 53 x 7 = 371. Total score: 5.900000
2024-01-19 12:04:46,441 - root- DEBUG - 158 patients treated. Total treatments: 36 x 7 = 252. Total score: 3.900000
2024-01-19 12:04:49,581 - root- DEBUG - 159 patients treated. Total treatments: 73 x 7 = 511. Total score: 8.250000
2024-01-19 12:04:50,443 - root- DEBUG - 160 patients treated. Total treatments: 53 x 7 = 371. Total score: 6.050000
2024-01-19 12:04:55,475 - root- DEBUG - 161 patients treated. Total treatments: 24 x 7 = 168. Total score: 2.500000
2024-01-19 12:04:55,764 - root- DEBUG - 162 patients treated. Total treatments: 28 x 7 = 196. Total score: 3.050000
2024-01-19 12:04:59,410 - root- DEBUG - 163 patients treated. Total treatments: 35 x 7 = 245. Total score: 3.700000
2024-01-19 12:05:02,207 - root- DEBUG - 164 patients treated. Total treatments: 25 x 7 = 175. Total score: 2.650000
2024-01-19 12:05:10,358 - root- DEBUG - 165 patients treated. Total treatments: 31 x 7 = 217. Total score: 3.250000
2024-01-19 12:05:12,607 - root- DEBUG - 166 patients treated. Total treatments: 28 x 7 = 196. Total score: 2.950000
2024-01-19 12:05:20,936 - root- DEBUG - 167 patients treated. Total treatments: 36 x 7 = 252. Total score: 4.000000
2024-01-19 12:05:23,034 - root- DEBUG - 168 patients treated. Total treatments: 72 x 7 = 504. Total score: 8.200000
2024-01-19 12:05:28,876 - root- DEBUG - 169 patients treated. Total treatments: 57 x 7 = 399. Total score: 6.450000
2024-01-19 12:05:30,713 - root- DEBUG - 171 patients treated. Total treatments: 45 x 7 = 315. Total score: 4.850000
2024-01-19 12:05:30,763 - root- DEBUG - 171 patients treated. Total treatments: 42 x 7 = 294. Total score: 4.600000
2024-01-19 12:05:32,271 - root- DEBUG - 172 patients treated. Total treatments: 58 x 7 = 406. Total score: 6.600000
2024-01-19 12:05:38,673 - root- DEBUG - 173 patients treated. Total treatments: 41 x 7 = 287. Total score: 4.650000
2024-01-19 12:05:41,423 - root- DEBUG - 174 patients treated. Total treatments: 29 x 7 = 203. Total score: 3.100000
2024-01-19 12:05:47,525 - root- DEBUG - 175 patients treated. Total treatments: 28 x 7 = 196. Total score: 2.900000
2024-01-19 12:05:50,438 - root- DEBUG - 176 patients treated. Total treatments: 55 x 7 = 385. Total score: 6.100000
2024-01-19 12:05:56,924 - root- DEBUG - 177 patients treated. Total treatments: 36 x 7 = 252. Total score: 3.900000
2024-01-19 12:06:03,264 - root- DEBUG - 178 patients treated. Total treatments: 40 x 7 = 280. Total score: 4.100000
2024-01-19 12:06:06,541 - root- DEBUG - 179 patients treated. Total treatments: 65 x 7 = 455. Total score: 7.300000
2024-01-19 12:06:07,872 - root- DEBUG - 180 patients treated. Total treatments: 51 x 7 = 357. Total score: 5.750000
2024-01-19 12:06:09,409 - root- DEBUG - 181 patients treated. Total treatments: 60 x 7 = 420. Total score: 7.100000
2024-01-19 12:06:09,922 - root- DEBUG - 182 patients treated. Total treatments: 40 x 7 = 280. Total score: 4.350000
2024-01-19 12:06:11,266 - root- DEBUG - 183 patients treated. Total treatments: 29 x 7 = 203. Total score: 3.100000
2024-01-19 12:06:11,980 - root- DEBUG - 184 patients treated. Total treatments: 23 x 7 = 161. Total score: 2.400000
2024-01-19 12:06:14,177 - root- DEBUG - 185 patients treated. Total treatments: 38 x 7 = 266. Total score: 4.050000
2024-01-19 12:06:22,828 - root- DEBUG - 186 patients treated. Total treatments: 19 x 7 = 133. Total score: 1.900000
2024-01-19 12:06:22,868 - root- DEBUG - 187 patients treated. Total treatments: 23 x 7 = 161. Total score: 2.350000
2024-01-19 12:06:24,870 - root- DEBUG - 188 patients treated. Total treatments: 19 x 7 = 133. Total score: 1.900000
2024-01-19 12:06:28,726 - root- DEBUG - 189 patients treated. Total treatments: 29 x 7 = 203. Total score: 3.150000
2024-01-19 12:06:31,020 - root- DEBUG - 190 patients treated. Total treatments: 25 x 7 = 175. Total score: 2.650000
2024-01-19 12:06:32,084 - root- DEBUG - 191 patients treated. Total treatments: 39 x 7 = 273. Total score: 4.200000
2024-01-19 12:06:35,668 - root- DEBUG - 192 patients treated. Total treatments: 45 x 7 = 315. Total score: 4.900000
2024-01-19 12:06:42,836 - root- DEBUG - 193 patients treated. Total treatments: 31 x 7 = 217. Total score: 3.400000
2024-01-19 12:06:43,589 - root- DEBUG - 194 patients treated. Total treatments: 29 x 7 = 203. Total score: 3.050000
2024-01-19 12:06:49,172 - root- DEBUG - 195 patients treated. Total treatments: 53 x 7 = 371. Total score: 5.900000
2024-01-19 12:06:53,822 - root- DEBUG - 196 patients treated. Total treatments: 31 x 7 = 217. Total score: 3.350000
2024-01-19 12:06:58,960 - root- DEBUG - 197 patients treated. Total treatments: 40 x 7 = 280. Total score: 4.250000
2024-01-19 12:07:08,135 - root- DEBUG - 198 patients treated. Total treatments: 49 x 7 = 343. Total score: 5.650000
2024-01-19 12:07:09,772 - root- DEBUG - 199 patients treated. Total treatments: 28 x 7 = 196. Total score: 3.000000
2024-01-19 12:07:11,278 - root- DEBUG - 200 patients treated. Total treatments: 18 x 7 = 126. Total score: 1.800000
2024-01-19 12:07:11,397 - root- DEBUG - 200 patients treated. Most recent TTP: 126
2024-01-19 12:07:11,422 - tensorflow- INFO - ../models/spatial_p125_weekly_increased_n0/200_patients_spatial_p125_weekly_increased_n0/a3c_chemo_core.cpkt is not in all_model_checkpoint_paths. Manually adding it.
2024-01-19 12:07:15,222 - root- DEBUG - 201 patients treated. Total treatments: 49 x 7 = 343. Total score: 5.300000
2024-01-19 12:07:17,015 - root- DEBUG - 202 patients treated. Total treatments: 34 x 7 = 238. Total score: 3.700000
2024-01-19 12:07:18,819 - root- DEBUG - 203 patients treated. Total treatments: 70 x 7 = 490. Total score: 7.900000
2024-01-19 12:07:24,339 - root- DEBUG - 204 patients treated. Total treatments: 87 x 7 = 609. Total score: 10.150000
2024-01-19 12:07:32,356 - root- DEBUG - 205 patients treated. Total treatments: 22 x 7 = 154. Total score: 2.300000
2024-01-19 12:07:35,176 - root- DEBUG - 206 patients treated. Total treatments: 40 x 7 = 280. Total score: 4.300000
2024-01-19 12:07:35,310 - root- DEBUG - 207 patients treated. Total treatments: 34 x 7 = 238. Total score: 3.550000
2024-01-19 12:07:38,754 - root- DEBUG - 208 patients treated. Total treatments: 30 x 7 = 210. Total score: 3.150000
2024-01-19 12:07:43,895 - root- DEBUG - 209 patients treated. Total treatments: 83 x 7 = 581. Total score: 9.400000
2024-01-19 12:07:46,188 - root- DEBUG - 210 patients treated. Total treatments: 16 x 7 = 112. Total score: 1.550000
2024-01-19 12:07:49,635 - root- DEBUG - 211 patients treated. Total treatments: 21 x 7 = 147. Total score: 2.200000
2024-01-19 12:07:55,966 - root- DEBUG - 212 patients treated. Total treatments: 48 x 7 = 336. Total score: 5.350000
2024-01-19 12:07:57,600 - root- DEBUG - 213 patients treated. Total treatments: 63 x 7 = 441. Total score: 7.000000
2024-01-19 12:07:59,529 - root- DEBUG - 214 patients treated. Total treatments: 71 x 7 = 497. Total score: 8.050000
2024-01-19 12:08:09,894 - root- DEBUG - 215 patients treated. Total treatments: 37 x 7 = 259. Total score: 4.250000
2024-01-19 12:08:11,080 - root- DEBUG - 216 patients treated. Total treatments: 24 x 7 = 168. Total score: 2.550000
2024-01-19 12:08:11,311 - root- DEBUG - 217 patients treated. Total treatments: 57 x 7 = 399. Total score: 6.500000
2024-01-19 12:08:16,654 - root- DEBUG - 218 patients treated. Total treatments: 54 x 7 = 378. Total score: 6.000000
2024-01-19 12:08:24,373 - root- DEBUG - 219 patients treated. Total treatments: 34 x 7 = 238. Total score: 3.550000
2024-01-19 12:08:31,099 - root- DEBUG - 220 patients treated. Total treatments: 65 x 7 = 455. Total score: 7.700000
2024-01-19 12:08:31,424 - root- DEBUG - 221 patients treated. Total treatments: 62 x 7 = 434. Total score: 6.900000
2024-01-19 12:08:31,903 - root- DEBUG - 222 patients treated. Total treatments: 29 x 7 = 203. Total score: 3.000000
2024-01-19 12:08:40,904 - root- DEBUG - 223 patients treated. Total treatments: 42 x 7 = 294. Total score: 4.400000
2024-01-19 12:08:43,819 - root- DEBUG - 224 patients treated. Total treatments: 39 x 7 = 273. Total score: 4.350000
2024-01-19 12:08:44,385 - root- DEBUG - 225 patients treated. Total treatments: 28 x 7 = 196. Total score: 2.950000
2024-01-19 12:08:48,847 - root- DEBUG - 226 patients treated. Total treatments: 27 x 7 = 189. Total score: 2.850000
2024-01-19 12:08:57,397 - root- DEBUG - 227 patients treated. Total treatments: 84 x 7 = 588. Total score: 9.600000
2024-01-19 12:08:59,865 - root- DEBUG - 228 patients treated. Total treatments: 23 x 7 = 161. Total score: 2.300000
2024-01-19 12:09:01,685 - root- DEBUG - 229 patients treated. Total treatments: 43 x 7 = 301. Total score: 4.600000
2024-01-19 12:09:03,493 - root- DEBUG - 230 patients treated. Total treatments: 22 x 7 = 154. Total score: 2.300000
2024-01-19 12:09:08,785 - root- DEBUG - 231 patients treated. Total treatments: 85 x 7 = 595. Total score: 9.500000
2024-01-19 12:09:17,228 - root- DEBUG - 232 patients treated. Total treatments: 66 x 7 = 462. Total score: 7.500000
2024-01-19 12:09:17,562 - root- DEBUG - 233 patients treated. Total treatments: 31 x 7 = 217. Total score: 3.200000
2024-01-19 12:09:22,447 - root- DEBUG - 234 patients treated. Total treatments: 33 x 7 = 231. Total score: 3.700000
2024-01-19 12:09:23,710 - root- DEBUG - 235 patients treated. Total treatments: 30 x 7 = 210. Total score: 3.250000
2024-01-19 12:09:27,910 - root- DEBUG - 236 patients treated. Total treatments: 63 x 7 = 441. Total score: 7.250000
2024-01-19 12:09:31,015 - root- DEBUG - 237 patients treated. Total treatments: 30 x 7 = 210. Total score: 3.300000
2024-01-19 12:09:33,052 - root- DEBUG - 238 patients treated. Total treatments: 45 x 7 = 315. Total score: 4.800000
2024-01-19 12:09:38,556 - root- DEBUG - 239 patients treated. Total treatments: 80 x 7 = 560. Total score: 9.300000
2024-01-19 12:09:41,108 - root- DEBUG - 240 patients treated. Total treatments: 12 x 7 = 84. Total score: 1.100000
2024-01-19 12:09:55,907 - root- DEBUG - 241 patients treated. Total treatments: 40 x 7 = 280. Total score: 4.600000
2024-01-19 12:09:58,053 - root- DEBUG - 242 patients treated. Total treatments: 25 x 7 = 175. Total score: 2.650000
2024-01-19 12:09:59,203 - root- DEBUG - 243 patients treated. Total treatments: 58 x 7 = 406. Total score: 6.350000
2024-01-19 12:10:01,671 - root- DEBUG - 244 patients treated. Total treatments: 55 x 7 = 385. Total score: 6.100000
2024-01-19 12:10:02,747 - root- DEBUG - 245 patients treated. Total treatments: 65 x 7 = 455. Total score: 7.400000
2024-01-19 12:10:07,017 - root- DEBUG - 246 patients treated. Total treatments: 66 x 7 = 462. Total score: 7.550000
2024-01-19 12:10:18,937 - root- DEBUG - 247 patients treated. Total treatments: 33 x 7 = 231. Total score: 3.650000
2024-01-19 12:10:22,767 - root- DEBUG - 248 patients treated. Total treatments: 74 x 7 = 518. Total score: 8.350000
2024-01-19 12:10:25,344 - root- DEBUG - 249 patients treated. Total treatments: 26 x 7 = 182. Total score: 2.800000
2024-01-19 12:10:28,685 - root- DEBUG - 250 patients treated. Total treatments: 44 x 7 = 308. Total score: 4.850000
2024-01-19 12:10:28,911 - root- DEBUG - 250 patients treated. Most recent TTP: 308
2024-01-19 12:10:28,927 - tensorflow- INFO - ../models/spatial_p125_weekly_increased_n0/250_patients_spatial_p125_weekly_increased_n0/a3c_chemo_core.cpkt is not in all_model_checkpoint_paths. Manually adding it.
2024-01-19 12:10:32,312 - root- DEBUG - 251 patients treated. Total treatments: 43 x 7 = 301. Total score: 4.250000
2024-01-19 12:10:38,181 - root- DEBUG - 252 patients treated. Total treatments: 27 x 7 = 189. Total score: 2.850000
2024-01-19 12:10:41,069 - root- DEBUG - 253 patients treated. Total treatments: 89 x 7 = 623. Total score: 10.050000
2024-01-19 12:10:41,853 - root- DEBUG - 254 patients treated. Total treatments: 27 x 7 = 189. Total score: 2.850000
2024-01-19 12:10:42,448 - root- DEBUG - 255 patients treated. Total treatments: 64 x 7 = 448. Total score: 6.900000
2024-01-19 12:10:42,994 - root- DEBUG - 256 patients treated. Total treatments: 64 x 7 = 448. Total score: 7.200000
2024-01-19 12:10:57,174 - root- DEBUG - 257 patients treated. Total treatments: 48 x 7 = 336. Total score: 5.350000
2024-01-19 12:11:01,220 - root- DEBUG - 258 patients treated. Total treatments: 44 x 7 = 308. Total score: 4.900000
2024-01-19 12:11:02,130 - root- DEBUG - 259 patients treated. Total treatments: 32 x 7 = 224. Total score: 3.550000
2024-01-19 12:11:03,170 - root- DEBUG - 260 patients treated. Total treatments: 29 x 7 = 203. Total score: 3.100000
2024-01-19 12:11:07,917 - root- DEBUG - 261 patients treated. Total treatments: 37 x 7 = 259. Total score: 4.050000
2024-01-19 12:11:12,337 - root- DEBUG - 262 patients treated. Total treatments: 46 x 7 = 322. Total score: 4.950000
2024-01-19 12:11:12,950 - root- DEBUG - 263 patients treated. Total treatments: 61 x 7 = 427. Total score: 6.950000
2024-01-19 12:11:25,811 - root- DEBUG - 264 patients treated. Total treatments: 64 x 7 = 448. Total score: 7.450000
2024-01-19 12:11:26,193 - root- DEBUG - 265 patients treated. Total treatments: 39 x 7 = 273. Total score: 4.200000
2024-01-19 12:11:30,639 - root- DEBUG - 266 patients treated. Total treatments: 25 x 7 = 175. Total score: 2.600000
2024-01-19 12:11:32,550 - root- DEBUG - 267 patients treated. Total treatments: 43 x 7 = 301. Total score: 4.750000
2024-01-19 12:11:34,731 - root- DEBUG - 268 patients treated. Total treatments: 53 x 7 = 371. Total score: 5.750000
2024-01-19 12:11:36,564 - root- DEBUG - 269 patients treated. Total treatments: 51 x 7 = 357. Total score: 5.650000
2024-01-19 12:11:40,406 - root- DEBUG - 270 patients treated. Total treatments: 49 x 7 = 343. Total score: 5.500000
2024-01-19 12:11:41,531 - root- DEBUG - 271 patients treated. Total treatments: 41 x 7 = 287. Total score: 4.500000
2024-01-19 12:11:47,148 - root- DEBUG - 272 patients treated. Total treatments: 18 x 7 = 126. Total score: 1.800000
2024-01-19 12:11:52,062 - root- DEBUG - 273 patients treated. Total treatments: 37 x 7 = 259. Total score: 4.000000
2024-01-19 12:11:55,222 - root- DEBUG - 274 patients treated. Total treatments: 38 x 7 = 266. Total score: 4.050000
2024-01-19 12:11:56,021 - root- DEBUG - 275 patients treated. Total treatments: 34 x 7 = 238. Total score: 3.600000
2024-01-19 12:11:56,522 - root- DEBUG - 276 patients treated. Total treatments: 47 x 7 = 329. Total score: 5.250000
2024-01-19 12:12:10,334 - root- DEBUG - 277 patients treated. Total treatments: 20 x 7 = 140. Total score: 2.000000
2024-01-19 12:12:10,776 - root- DEBUG - 278 patients treated. Total treatments: 50 x 7 = 350. Total score: 5.500000
2024-01-19 12:12:10,909 - root- DEBUG - 279 patients treated. Total treatments: 33 x 7 = 231. Total score: 3.550000
2024-01-19 12:12:13,083 - root- DEBUG - 280 patients treated. Total treatments: 50 x 7 = 350. Total score: 5.550000
2024-01-19 12:12:19,961 - root- DEBUG - 281 patients treated. Total treatments: 55 x 7 = 385. Total score: 6.050000
2024-01-19 12:12:20,165 - root- DEBUG - 282 patients treated. Total treatments: 37 x 7 = 259. Total score: 3.950000
2024-01-19 12:12:30,165 - root- DEBUG - 283 patients treated. Total treatments: 27 x 7 = 189. Total score: 2.850000
2024-01-19 12:12:33,633 - root- DEBUG - 284 patients treated. Total treatments: 35 x 7 = 245. Total score: 3.800000
2024-01-19 12:12:43,288 - root- DEBUG - 285 patients treated. Total treatments: 76 x 7 = 532. Total score: 8.600000
2024-01-19 12:12:46,902 - root- DEBUG - 286 patients treated. Total treatments: 52 x 7 = 364. Total score: 5.700000
2024-01-19 12:12:55,172 - root- DEBUG - 287 patients treated. Total treatments: 62 x 7 = 434. Total score: 7.000000
2024-01-19 12:12:56,991 - root- DEBUG - 288 patients treated. Total treatments: 53 x 7 = 371. Total score: 5.850000
2024-01-19 12:12:58,375 - root- DEBUG - 289 patients treated. Total treatments: 91 x 7 = 637. Total score: 10.250000
2024-01-19 12:13:00,803 - root- DEBUG - 290 patients treated. Total treatments: 45 x 7 = 315. Total score: 5.050000
2024-01-19 12:13:02,908 - root- DEBUG - 291 patients treated. Total treatments: 29 x 7 = 203. Total score: 3.000000
2024-01-19 12:13:05,567 - root- DEBUG - 292 patients treated. Total treatments: 65 x 7 = 455. Total score: 7.050000
2024-01-19 12:13:10,570 - root- DEBUG - 293 patients treated. Total treatments: 54 x 7 = 378. Total score: 5.950000
2024-01-19 12:13:19,094 - root- DEBUG - 294 patients treated. Total treatments: 24 x 7 = 168. Total score: 2.500000
2024-01-19 12:13:19,686 - root- DEBUG - 295 patients treated. Total treatments: 33 x 7 = 231. Total score: 3.500000
2024-01-19 12:13:25,147 - root- DEBUG - 296 patients treated. Total treatments: 36 x 7 = 252. Total score: 3.950000
2024-01-19 12:13:32,579 - root- DEBUG - 297 patients treated. Total treatments: 64 x 7 = 448. Total score: 7.250000
2024-01-19 12:13:33,756 - root- DEBUG - 298 patients treated. Total treatments: 42 x 7 = 294. Total score: 4.400000
2024-01-19 12:13:34,718 - root- DEBUG - 299 patients treated. Total treatments: 51 x 7 = 357. Total score: 5.800000
2024-01-19 12:13:39,542 - root- DEBUG - 300 patients treated. Total treatments: 30 x 7 = 210. Total score: 3.200000
2024-01-19 12:13:39,754 - root- DEBUG - 300 patients treated. Most recent TTP: 210
2024-01-19 12:13:39,807 - tensorflow- INFO - ../models/spatial_p125_weekly_increased_n0/300_patients_spatial_p125_weekly_increased_n0/a3c_chemo_core.cpkt is not in all_model_checkpoint_paths. Manually adding it.
2024-01-19 12:13:40,808 - root- DEBUG - 301 patients treated. Total treatments: 66 x 7 = 462. Total score: 7.450000
2024-01-19 12:13:47,827 - root- DEBUG - 302 patients treated. Total treatments: 32 x 7 = 224. Total score: 3.300000
2024-01-19 12:13:53,049 - root- DEBUG - 303 patients treated. Total treatments: 57 x 7 = 399. Total score: 6.450000
2024-01-19 12:13:53,141 - root- DEBUG - 304 patients treated. Total treatments: 28 x 7 = 196. Total score: 3.000000
2024-01-19 12:14:03,861 - root- DEBUG - 305 patients treated. Total treatments: 40 x 7 = 280. Total score: 4.300000
2024-01-19 12:14:04,020 - root- DEBUG - 306 patients treated. Total treatments: 63 x 7 = 441. Total score: 7.250000
2024-01-19 12:14:13,213 - root- DEBUG - 307 patients treated. Total treatments: 50 x 7 = 350. Total score: 5.700000
2024-01-19 12:14:13,350 - root- DEBUG - 309 patients treated. Total treatments: 28 x 7 = 196. Total score: 3.000000
2024-01-19 12:14:13,368 - root- DEBUG - 309 patients treated. Total treatments: 63 x 7 = 441. Total score: 6.900000
2024-01-19 12:14:16,246 - root- DEBUG - 310 patients treated. Total treatments: 37 x 7 = 259. Total score: 3.950000
2024-01-19 12:14:17,927 - root- DEBUG - 311 patients treated. Total treatments: 40 x 7 = 280. Total score: 4.300000
2024-01-19 12:14:23,081 - root- DEBUG - 312 patients treated. Total treatments: 15 x 7 = 105. Total score: 1.450000
2024-01-19 12:14:24,174 - root- DEBUG - 313 patients treated. Total treatments: 57 x 7 = 399. Total score: 6.400000
2024-01-19 12:14:26,801 - root- DEBUG - 314 patients treated. Total treatments: 35 x 7 = 245. Total score: 3.850000
2024-01-19 12:14:30,626 - root- DEBUG - 315 patients treated. Total treatments: 41 x 7 = 287. Total score: 4.500000
2024-01-19 12:14:31,248 - root- DEBUG - 316 patients treated. Total treatments: 25 x 7 = 175. Total score: 2.600000
2024-01-19 12:14:35,646 - root- DEBUG - 317 patients treated. Total treatments: 19 x 7 = 133. Total score: 1.900000
2024-01-19 12:14:38,503 - root- DEBUG - 318 patients treated. Total treatments: 34 x 7 = 238. Total score: 3.550000
2024-01-19 12:14:42,870 - root- DEBUG - 319 patients treated. Total treatments: 29 x 7 = 203. Total score: 3.150000
2024-01-19 12:14:44,865 - root- DEBUG - 320 patients treated. Total treatments: 39 x 7 = 273. Total score: 4.250000
2024-01-19 12:14:49,916 - root- DEBUG - 321 patients treated. Total treatments: 19 x 7 = 133. Total score: 1.900000
2024-01-19 12:14:54,016 - root- DEBUG - 322 patients treated. Total treatments: 34 x 7 = 238. Total score: 3.650000
2024-01-19 12:14:56,790 - root- DEBUG - 323 patients treated. Total treatments: 46 x 7 = 322. Total score: 5.100000
2024-01-19 12:14:59,928 - root- DEBUG - 324 patients treated. Total treatments: 72 x 7 = 504. Total score: 8.150000
2024-01-19 12:15:00,639 - root- DEBUG - 325 patients treated. Total treatments: 24 x 7 = 168. Total score: 2.450000
2024-01-19 12:15:02,170 - root- DEBUG - 326 patients treated. Total treatments: 12 x 7 = 84. Total score: 1.100000
2024-01-19 12:15:16,556 - root- DEBUG - 327 patients treated. Total treatments: 56 x 7 = 392. Total score: 6.300000
2024-01-19 12:15:18,293 - root- DEBUG - 328 patients treated. Total treatments: 25 x 7 = 175. Total score: 2.650000
2024-01-19 12:15:19,007 - root- DEBUG - 329 patients treated. Total treatments: 71 x 7 = 497. Total score: 7.950000
2024-01-19 12:15:25,724 - root- DEBUG - 330 patients treated. Total treatments: 62 x 7 = 434. Total score: 7.050000
2024-01-19 12:15:34,934 - root- DEBUG - 331 patients treated. Total treatments: 52 x 7 = 364. Total score: 5.850000
2024-01-19 12:15:38,845 - root- DEBUG - 332 patients treated. Total treatments: 56 x 7 = 392. Total score: 6.200000
2024-01-19 12:15:39,682 - root- DEBUG - 333 patients treated. Total treatments: 72 x 7 = 504. Total score: 8.250000
2024-01-19 12:15:39,814 - root- DEBUG - 334 patients treated. Total treatments: 55 x 7 = 385. Total score: 6.150000
2024-01-19 12:15:43,971 - root- DEBUG - 335 patients treated. Total treatments: 36 x 7 = 252. Total score: 3.900000
2024-01-19 12:15:46,098 - root- DEBUG - 336 patients treated. Total treatments: 43 x 7 = 301. Total score: 4.600000
2024-01-19 12:15:49,596 - root- DEBUG - 337 patients treated. Total treatments: 45 x 7 = 315. Total score: 4.900000
2024-01-19 12:15:50,510 - root- DEBUG - 338 patients treated. Total treatments: 15 x 7 = 105. Total score: 1.450000
2024-01-19 12:15:57,554 - root- DEBUG - 339 patients treated. Total treatments: 30 x 7 = 210. Total score: 3.150000
2024-01-19 12:16:02,002 - root- DEBUG - 340 patients treated. Total treatments: 26 x 7 = 182. Total score: 2.700000
2024-01-19 12:16:03,389 - root- DEBUG - 341 patients treated. Total treatments: 43 x 7 = 301. Total score: 4.650000
2024-01-19 12:16:10,571 - root- DEBUG - 342 patients treated. Total treatments: 47 x 7 = 329. Total score: 5.050000
2024-01-19 12:16:11,250 - root- DEBUG - 343 patients treated. Total treatments: 63 x 7 = 441. Total score: 7.150000
2024-01-19 12:16:18,905 - root- DEBUG - 344 patients treated. Total treatments: 50 x 7 = 350. Total score: 5.500000
2024-01-19 12:16:19,126 - root- DEBUG - 345 patients treated. Total treatments: 23 x 7 = 161. Total score: 2.400000
2024-01-19 12:16:20,917 - root- DEBUG - 346 patients treated. Total treatments: 43 x 7 = 301. Total score: 4.650000
2024-01-19 12:16:20,973 - root- DEBUG - 347 patients treated. Total treatments: 45 x 7 = 315. Total score: 5.150000
2024-01-19 12:16:26,408 - root- DEBUG - 348 patients treated. Total treatments: 25 x 7 = 175. Total score: 2.600000
2024-01-19 12:16:29,875 - root- DEBUG - 349 patients treated. Total treatments: 15 x 7 = 105. Total score: 1.500000
2024-01-19 12:16:35,084 - root- DEBUG - 350 patients treated. Total treatments: 19 x 7 = 133. Total score: 1.900000
2024-01-19 12:16:35,352 - root- DEBUG - 351 patients treated. Total treatments: 22 x 7 = 154. Total score: 2.200000
2024-01-19 12:16:35,403 - root- DEBUG - 352 patients treated. Total treatments: 35 x 7 = 245. Total score: 3.750000
2024-01-19 12:16:35,647 - root- DEBUG - 353 patients treated. Total treatments: 58 x 7 = 406. Total score: 6.550000
2024-01-19 12:16:35,873 - root- DEBUG - 354 patients treated. Total treatments: 24 x 7 = 168. Total score: 2.600000
2024-01-19 12:16:37,997 - root- DEBUG - 355 patients treated. Total treatments: 53 x 7 = 371. Total score: 5.900000
2024-01-19 12:16:43,386 - root- DEBUG - 356 patients treated. Total treatments: 19 x 7 = 133. Total score: 1.900000
2024-01-19 12:16:50,869 - root- DEBUG - 357 patients treated. Total treatments: 34 x 7 = 238. Total score: 3.600000
2024-01-19 12:16:51,829 - root- DEBUG - 358 patients treated. Total treatments: 24 x 7 = 168. Total score: 2.450000
2024-01-19 12:16:55,853 - root- DEBUG - 359 patients treated. Total treatments: 32 x 7 = 224. Total score: 3.400000
2024-01-19 12:17:01,507 - root- DEBUG - 360 patients treated. Total treatments: 37 x 7 = 259. Total score: 4.050000
2024-01-19 12:17:03,069 - root- DEBUG - 361 patients treated. Total treatments: 36 x 7 = 252. Total score: 3.750000
2024-01-19 12:17:06,801 - root- DEBUG - 362 patients treated. Total treatments: 49 x 7 = 343. Total score: 5.400000
2024-01-19 12:17:07,784 - root- DEBUG - 363 patients treated. Total treatments: 35 x 7 = 245. Total score: 3.750000
2024-01-19 12:17:09,839 - root- DEBUG - 364 patients treated. Total treatments: 53 x 7 = 371. Total score: 5.850000
2024-01-19 12:17:10,643 - root- DEBUG - 365 patients treated. Total treatments: 29 x 7 = 203. Total score: 3.000000
2024-01-19 12:17:21,797 - root- DEBUG - 367 patients treated. Total treatments: 30 x 7 = 210. Total score: 3.250000
2024-01-19 12:17:21,848 - root- DEBUG - 367 patients treated. Total treatments: 42 x 7 = 294. Total score: 4.650000
2024-01-19 12:17:24,637 - root- DEBUG - 368 patients treated. Total treatments: 26 x 7 = 182. Total score: 2.650000
2024-01-19 12:17:26,679 - root- DEBUG - 369 patients treated. Total treatments: 44 x 7 = 308. Total score: 4.800000
2024-01-19 12:17:28,562 - root- DEBUG - 370 patients treated. Total treatments: 33 x 7 = 231. Total score: 3.450000
2024-01-19 12:17:30,052 - root- DEBUG - 371 patients treated. Total treatments: 39 x 7 = 273. Total score: 4.400000
2024-01-19 12:17:32,789 - root- DEBUG - 372 patients treated. Total treatments: 34 x 7 = 238. Total score: 3.800000
2024-01-19 12:17:38,475 - root- DEBUG - 373 patients treated. Total treatments: 43 x 7 = 301. Total score: 4.800000
2024-01-19 12:17:44,405 - root- DEBUG - 374 patients treated. Total treatments: 32 x 7 = 224. Total score: 3.300000
2024-01-19 12:17:44,983 - root- DEBUG - 375 patients treated. Total treatments: 32 x 7 = 224. Total score: 3.450000
2024-01-19 12:17:54,927 - root- DEBUG - 376 patients treated. Total treatments: 46 x 7 = 322. Total score: 5.000000
2024-01-19 12:17:57,848 - root- DEBUG - 377 patients treated. Total treatments: 49 x 7 = 343. Total score: 5.450000
2024-01-19 12:18:02,623 - root- DEBUG - 378 patients treated. Total treatments: 45 x 7 = 315. Total score: 5.150000
2024-01-19 12:18:07,029 - root- DEBUG - 379 patients treated. Total treatments: 52 x 7 = 364. Total score: 5.750000
2024-01-19 12:18:08,337 - root- DEBUG - 380 patients treated. Total treatments: 18 x 7 = 126. Total score: 1.800000
2024-01-19 12:18:11,490 - root- DEBUG - 381 patients treated. Total treatments: 45 x 7 = 315. Total score: 4.800000
2024-01-19 12:18:13,697 - root- DEBUG - 382 patients treated. Total treatments: 51 x 7 = 357. Total score: 5.450000
2024-01-19 12:18:17,611 - root- DEBUG - 383 patients treated. Total treatments: 20 x 7 = 140. Total score: 2.050000
2024-01-19 12:18:23,524 - root- DEBUG - 384 patients treated. Total treatments: 37 x 7 = 259. Total score: 4.050000
2024-01-19 12:18:25,179 - root- DEBUG - 385 patients treated. Total treatments: 61 x 7 = 427. Total score: 7.000000
2024-01-19 12:18:31,117 - root- DEBUG - 386 patients treated. Total treatments: 37 x 7 = 259. Total score: 3.900000
2024-01-19 12:18:38,135 - root- DEBUG - 387 patients treated. Total treatments: 96 x 7 = 672. Total score: 10.800000
2024-01-19 12:18:48,508 - root- DEBUG - 388 patients treated. Total treatments: 34 x 7 = 238. Total score: 3.700000
2024-01-19 12:18:49,376 - root- DEBUG - 389 patients treated. Total treatments: 49 x 7 = 343. Total score: 5.450000
2024-01-19 12:18:49,966 - root- DEBUG - 391 patients treated. Total treatments: 61 x 7 = 427. Total score: 6.750000
2024-01-19 12:18:50,048 - root- DEBUG - 391 patients treated. Total treatments: 58 x 7 = 406. Total score: 6.700000
2024-01-19 12:18:51,280 - root- DEBUG - 392 patients treated. Total treatments: 48 x 7 = 336. Total score: 5.350000
2024-01-19 12:18:54,521 - root- DEBUG - 393 patients treated. Total treatments: 35 x 7 = 245. Total score: 3.800000
2024-01-19 12:19:10,765 - root- DEBUG - 394 patients treated. Total treatments: 69 x 7 = 483. Total score: 7.800000
2024-01-19 12:19:15,023 - root- DEBUG - 395 patients treated. Total treatments: 54 x 7 = 378. Total score: 6.100000
2024-01-19 12:19:16,489 - root- DEBUG - 396 patients treated. Total treatments: 42 x 7 = 294. Total score: 4.550000
2024-01-19 12:19:18,886 - root- DEBUG - 397 patients treated. Total treatments: 41 x 7 = 287. Total score: 4.250000
2024-01-19 12:19:23,110 - root- DEBUG - 398 patients treated. Total treatments: 46 x 7 = 322. Total score: 5.050000
2024-01-19 12:19:23,492 - root- DEBUG - 399 patients treated. Total treatments: 51 x 7 = 357. Total score: 5.750000
2024-01-19 12:19:31,739 - root- DEBUG - 400 patients treated. Total treatments: 60 x 7 = 420. Total score: 6.700000
2024-01-19 12:19:31,901 - root- DEBUG - 400 patients treated. Most recent TTP: 420
2024-01-19 12:19:31,957 - tensorflow- INFO - ../models/spatial_p125_weekly_increased_n0/400_patients_spatial_p125_weekly_increased_n0/a3c_chemo_core.cpkt is not in all_model_checkpoint_paths. Manually adding it.
2024-01-19 12:19:33,930 - root- DEBUG - 401 patients treated. Total treatments: 58 x 7 = 406. Total score: 6.250000
2024-01-19 12:19:36,261 - root- DEBUG - 402 patients treated. Total treatments: 38 x 7 = 266. Total score: 3.950000
2024-01-19 12:19:43,632 - root- DEBUG - 403 patients treated. Total treatments: 36 x 7 = 252. Total score: 3.850000
2024-01-19 12:19:49,811 - root- DEBUG - 404 patients treated. Total treatments: 25 x 7 = 175. Total score: 2.650000
2024-01-19 12:19:51,371 - root- DEBUG - 405 patients treated. Total treatments: 51 x 7 = 357. Total score: 5.500000
2024-01-19 12:19:56,165 - root- DEBUG - 406 patients treated. Total treatments: 33 x 7 = 231. Total score: 3.550000
2024-01-19 12:19:56,834 - root- DEBUG - 407 patients treated. Total treatments: 17 x 7 = 119. Total score: 1.650000
2024-01-19 12:19:58,919 - root- DEBUG - 408 patients treated. Total treatments: 54 x 7 = 378. Total score: 6.150000
2024-01-19 12:19:59,198 - root- DEBUG - 409 patients treated. Total treatments: 60 x 7 = 420. Total score: 6.650000
2024-01-19 12:20:02,663 - root- DEBUG - 410 patients treated. Total treatments: 62 x 7 = 434. Total score: 7.100000
2024-01-19 12:20:03,478 - root- DEBUG - 411 patients treated. Total treatments: 42 x 7 = 294. Total score: 4.400000
