2024-01-18 15:40:35,146 - tensorflow- WARNING - From /home/yunli/anaconda3/envs/DRL-Rotation/lib/python3.6/site-packages/tensorflow/python/keras/_impl/keras/backend.py:1456: calling reduce_sum (from tensorflow.python.ops.math_ops) with keep_dims is deprecated and will be removed in a future version.
Instructions for updating:
keep_dims is deprecated, use keepdims instead
2024-01-18 15:40:37,970 - root- INFO - Starting worker 0
2024-01-18 15:40:38,607 - root- INFO - Starting worker 1
2024-01-18 15:40:39,108 - root- INFO - Starting worker 2
2024-01-18 15:40:39,571 - root- INFO - Starting worker 3
2024-01-18 15:40:39,606 - root- DEBUG - 1 patients treated. Total treatments: 5 x 7 = 35. Total score: -0.950000
2024-01-18 15:40:40,223 - root- INFO - Starting worker 4
2024-01-18 15:40:40,837 - root- INFO - Starting worker 5
2024-01-18 15:40:41,292 - root- INFO - Starting worker 6
2024-01-18 15:40:41,896 - root- INFO - Starting worker 7
2024-01-18 15:40:44,469 - root- DEBUG - 2 patients treated. Total treatments: 9 x 7 = 63. Total score: -0.050000
2024-01-18 15:40:44,811 - root- DEBUG - 4 patients treated. Total treatments: 5 x 7 = 35. Total score: -0.950000
2024-01-18 15:40:44,826 - root- DEBUG - 4 patients treated. Total treatments: 9 x 7 = 63. Total score: -0.050000
2024-01-18 15:40:46,521 - root- DEBUG - 5 patients treated. Total treatments: 8 x 7 = 56. Total score: -0.650000
2024-01-18 15:40:46,792 - root- DEBUG - 6 patients treated. Total treatments: 8 x 7 = 56. Total score: -0.650000
2024-01-18 15:40:46,818 - root- DEBUG - 7 patients treated. Total treatments: 10 x 7 = 70. Total score: -0.450000
2024-01-18 15:40:47,101 - root- DEBUG - 8 patients treated. Total treatments: 10 x 7 = 70. Total score: -0.450000
2024-01-18 15:40:47,690 - root- DEBUG - 9 patients treated. Total treatments: 11 x 7 = 77. Total score: -0.350000
2024-01-18 15:40:47,766 - root- DEBUG - 10 patients treated. Total treatments: 6 x 7 = 42. Total score: -0.350000
2024-01-18 15:40:49,252 - root- DEBUG - 11 patients treated. Total treatments: 4 x 7 = 28. Total score: -0.550000
2024-01-18 15:40:49,631 - root- DEBUG - 12 patients treated. Total treatments: 7 x 7 = 49. Total score: -0.750000
2024-01-18 15:40:49,812 - root- DEBUG - 13 patients treated. Total treatments: 11 x 7 = 77. Total score: -0.350000
2024-01-18 15:40:50,506 - root- DEBUG - 14 patients treated. Total treatments: 7 x 7 = 49. Total score: -0.750000
2024-01-18 15:40:51,772 - root- DEBUG - 15 patients treated. Total treatments: 7 x 7 = 49. Total score: -0.750000
2024-01-18 15:40:51,882 - root- DEBUG - 16 patients treated. Total treatments: 9 x 7 = 63. Total score: -0.050000
2024-01-18 15:40:51,905 - root- DEBUG - 17 patients treated. Total treatments: 6 x 7 = 42. Total score: -0.850000
2024-01-18 15:40:52,363 - root- DEBUG - 18 patients treated. Total treatments: 5 x 7 = 35. Total score: -0.450000
2024-01-18 15:40:53,964 - root- DEBUG - 19 patients treated. Total treatments: 7 x 7 = 49. Total score: -0.750000
2024-01-18 15:40:55,039 - root- DEBUG - 20 patients treated. Total treatments: 14 x 7 = 98. Total score: -0.050000
2024-01-18 15:40:55,616 - root- DEBUG - 22 patients treated. Total treatments: 6 x 7 = 42. Total score: -0.850000
2024-01-18 15:40:55,639 - root- DEBUG - 22 patients treated. Total treatments: 6 x 7 = 42. Total score: -0.850000
2024-01-18 15:40:55,911 - root- DEBUG - 23 patients treated. Total treatments: 7 x 7 = 49. Total score: -0.750000
2024-01-18 15:40:56,322 - root- DEBUG - 24 patients treated. Total treatments: 9 x 7 = 63. Total score: -0.550000
2024-01-18 15:40:56,837 - root- DEBUG - 25 patients treated. Total treatments: 14 x 7 = 98. Total score: -0.050000
2024-01-18 15:40:56,902 - root- DEBUG - 26 patients treated. Total treatments: 8 x 7 = 56. Total score: -0.650000
2024-01-18 15:40:57,833 - root- DEBUG - 27 patients treated. Total treatments: 7 x 7 = 49. Total score: -0.750000
2024-01-18 15:40:58,948 - root- DEBUG - 28 patients treated. Total treatments: 7 x 7 = 49. Total score: -0.750000
2024-01-18 15:41:00,402 - root- DEBUG - 29 patients treated. Total treatments: 8 x 7 = 56. Total score: -0.600000
2024-01-18 15:41:00,833 - root- DEBUG - 30 patients treated. Total treatments: 8 x 7 = 56. Total score: -0.650000
2024-01-18 15:41:00,929 - root- DEBUG - 31 patients treated. Total treatments: 6 x 7 = 42. Total score: -0.850000
2024-01-18 15:41:01,083 - root- DEBUG - 32 patients treated. Total treatments: 6 x 7 = 42. Total score: -0.350000
2024-01-18 15:41:01,797 - root- DEBUG - 33 patients treated. Total treatments: 10 x 7 = 70. Total score: -0.450000
2024-01-18 15:41:01,983 - root- DEBUG - 34 patients treated. Total treatments: 10 x 7 = 70. Total score: -0.450000
2024-01-18 15:41:02,650 - root- DEBUG - 35 patients treated. Total treatments: 6 x 7 = 42. Total score: -0.350000
2024-01-18 15:41:02,881 - root- DEBUG - 36 patients treated. Total treatments: 12 x 7 = 84. Total score: -0.250000
2024-01-18 15:41:03,468 - root- DEBUG - 37 patients treated. Total treatments: 5 x 7 = 35. Total score: -0.950000
2024-01-18 15:41:05,166 - root- DEBUG - 38 patients treated. Total treatments: 7 x 7 = 49. Total score: -0.750000
2024-01-18 15:41:05,728 - root- DEBUG - 39 patients treated. Total treatments: 9 x 7 = 63. Total score: -1.000000
2024-01-18 15:41:06,010 - root- DEBUG - 40 patients treated. Total treatments: 9 x 7 = 63. Total score: -0.550000
2024-01-18 15:41:06,324 - root- DEBUG - 42 patients treated. Total treatments: 5 x 7 = 35. Total score: -0.450000
2024-01-18 15:41:06,440 - root- DEBUG - 42 patients treated. Total treatments: 9 x 7 = 63. Total score: -0.550000
2024-01-18 15:41:08,059 - root- DEBUG - 43 patients treated. Total treatments: 11 x 7 = 77. Total score: -0.350000
2024-01-18 15:41:08,995 - root- DEBUG - 44 patients treated. Total treatments: 12 x 7 = 84. Total score: -0.250000
2024-01-18 15:41:09,499 - root- DEBUG - 45 patients treated. Total treatments: 6 x 7 = 42. Total score: -0.350000
2024-01-18 15:41:09,760 - root- DEBUG - 46 patients treated. Total treatments: 6 x 7 = 42. Total score: -0.850000
